SF:lib/enums.dart
DA:1,4
DA:3,3
LF:2
LH:2
end_of_record
SF:lib/isw_flutter.dart
DA:8,1
DA:9,2
DA:12,1
DA:13,2
DA:16,1
DA:17,2
LF:6
LH:6
end_of_record
SF:lib/isw_flutter_platform_interface.dart
DA:11,6
DA:13,6
DA:15,3
DA:20,2
DA:25,1
DA:26,2
LF:6
LH:6
end_of_record
SF:lib/isw_flutter_method_channel.dart
DA:18,1
DA:20,3
DA:24,1
DA:27,2
DA:28,3
DA:33,1
DA:35,5
DA:37,0
DA:39,2
LF:9
LH:8
end_of_record
SF:lib/models/config.dart
DA:7,2
DA:13,1
DA:14,1
DA:15,1
DA:16,1
DA:17,1
DA:18,1
LF:7
LH:7
end_of_record
SF:lib/models/payment_result.dart
DA:11,1
DA:14,1
DA:15,3
DA:17,1
DA:19,2
DA:21,0
DA:23,0
DA:25,0
DA:31,1
DA:32,1
DA:33,1
DA:35,1
DA:36,2
DA:40,1
DA:41,1
DA:42,3
DA:50,2
LF:17
LH:14
end_of_record
SF:lib/models/payment_info.dart
DA:9,2
DA:17,1
DA:18,1
DA:19,1
DA:20,1
DA:21,1
DA:22,1
DA:23,1
DA:24,2
LF:9
LH:9
end_of_record
SF:lib/util.dart
DA:3,2
DA:4,2
DA:5,6
LF:3
LH:3
end_of_record
